::1 - - [23/Apr/2020:20:27:06 +0200] "GET / HTTP/1.1" 200 435
::1 - - [23/Apr/2020:20:27:06 +0200] "GET /favicon.ico HTTP/1.1" 404 209
::1 - - [23/Apr/2020:20:27:11 +0200] "GET /aframe-index.php HTTP/1.1" 200 22445
::1 - - [23/Apr/2020:20:27:11 +0200] "GET /components.js HTTP/1.1" 404 211
::1 - - [23/Apr/2020:20:27:11 +0200] "GET /text.js HTTP/1.1" 200 11379
::1 - - [23/Apr/2020:20:27:11 +0200] "GET /components.js HTTP/1.1" 404 211
::1 - - [23/Apr/2020:20:27:11 +0200] "HEAD /images/opozorilo.jpg HTTP/1.1" 200 -
::1 - - [23/Apr/2020:20:27:11 +0200] "HEAD /images/test.png HTTP/1.1" 200 -
::1 - - [23/Apr/2020:20:27:11 +0200] "HEAD /images/mikroplazma.jpg HTTP/1.1" 200 -
::1 - - [23/Apr/2020:20:27:11 +0200] "HEAD /images/text/microplasma-text.jpg HTTP/1.1" 200 -
::1 - - [23/Apr/2020:20:27:11 +0200] "HEAD /images/gonoreja.jpg HTTP/1.1" 200 -
::1 - - [23/Apr/2020:20:27:11 +0200] "HEAD /images/sifilis.jpg HTTP/1.1" 200 -
::1 - - [23/Apr/2020:20:27:11 +0200] "HEAD /images/text/Sipilis-text.jpg HTTP/1.1" 200 -
::1 - - [23/Apr/2020:20:27:11 +0200] "HEAD /images/klamidija.jpg HTTP/1.1" 200 -
::1 - - [23/Apr/2020:20:27:11 +0200] "HEAD /images/text/klamidija-text.jpg HTTP/1.1" 200 -
::1 - - [23/Apr/2020:20:27:11 +0200] "HEAD /images/trihomonoza.png HTTP/1.1" 200 -
::1 - - [23/Apr/2020:20:27:11 +0200] "HEAD /images/hiv3.jpg HTTP/1.1" 200 -
::1 - - [23/Apr/2020:20:27:11 +0200] "HEAD /images/text/hiv-text.jpg HTTP/1.1" 200 -
::1 - - [23/Apr/2020:20:27:11 +0200] "HEAD /images/hepatitis.jpg HTTP/1.1" 200 -
::1 - - [23/Apr/2020:20:27:11 +0200] "HEAD /images/papiloma.jpg HTTP/1.1" 200 -
::1 - - [23/Apr/2020:20:27:11 +0200] "HEAD /images/herpes.jpg HTTP/1.1" 200 -
::1 - - [23/Apr/2020:20:27:11 +0200] "HEAD /images/text/herpes-text.jpg HTTP/1.1" 200 -
::1 - - [23/Apr/2020:20:27:11 +0200] "GET /images/opozorilo.jpg HTTP/1.1" 200 325782
::1 - - [23/Apr/2020:20:27:11 +0200] "GET /images/test.png HTTP/1.1" 200 1320251
::1 - - [23/Apr/2020:20:27:11 +0200] "GET /images/mikroplazma.jpg HTTP/1.1" 200 182227
::1 - - [23/Apr/2020:20:27:11 +0200] "GET /images/text/microplasma-text.jpg HTTP/1.1" 200 79373
::1 - - [23/Apr/2020:20:27:11 +0200] "GET /images/gonoreja.jpg HTTP/1.1" 200 45581
::1 - - [23/Apr/2020:20:27:11 +0200] "GET /images/sifilis.jpg HTTP/1.1" 200 301105
::1 - - [23/Apr/2020:20:27:11 +0200] "GET /images/text/Sipilis-text.jpg HTTP/1.1" 200 112661
::1 - - [23/Apr/2020:20:27:11 +0200] "GET /images/klamidija.jpg HTTP/1.1" 200 54770
::1 - - [23/Apr/2020:20:27:11 +0200] "GET /images/text/klamidija-text.jpg HTTP/1.1" 200 608353
::1 - - [23/Apr/2020:20:27:11 +0200] "GET /images/trihomonoza.png HTTP/1.1" 200 4467256
::1 - - [23/Apr/2020:20:27:11 +0200] "GET /images/hiv3.jpg HTTP/1.1" 200 55137
::1 - - [23/Apr/2020:20:27:11 +0200] "GET /images/text/hiv-text.jpg HTTP/1.1" 200 729798
::1 - - [23/Apr/2020:20:27:11 +0200] "GET /images/hepatitis.jpg HTTP/1.1" 200 5431197
::1 - - [23/Apr/2020:20:27:11 +0200] "GET /images/papiloma.jpg HTTP/1.1" 200 104293
::1 - - [23/Apr/2020:20:27:11 +0200] "GET /images/herpes.jpg HTTP/1.1" 200 22156
::1 - - [23/Apr/2020:20:27:11 +0200] "GET /images/text/herpes-text.jpg HTTP/1.1" 200 418244
