2019-11-06 08:54:09 2676 [Note] Plugin 'FEDERATED' is disabled.
2019-11-06 08:54:09 2676 [Note] InnoDB: Using atomics to ref count buffer pool pages
2019-11-06 08:54:09 2676 [Note] InnoDB: The InnoDB memory heap is disabled
2019-11-06 08:54:09 2676 [Note] InnoDB: Mutexes and rw_locks use Windows interlocked functions
2019-11-06 08:54:09 2676 [Note] InnoDB: Memory barrier is not used
2019-11-06 08:54:09 2676 [Note] InnoDB: Compressed tables use zlib 1.2.3
2019-11-06 08:54:09 2676 [Note] InnoDB: Not using CPU crc32 instructions
2019-11-06 08:54:09 2676 [Note] InnoDB: Initializing buffer pool, size = 128.0M
2019-11-06 08:54:09 2676 [Note] InnoDB: Completed initialization of buffer pool
2019-11-06 08:54:09 2676 [Note] InnoDB: Highest supported file format is Barracuda.
2019-11-06 08:54:09 2676 [Note] InnoDB: The log sequence numbers 1626134 and 1626134 in ibdata files do not match the log sequence number 2577982 in the ib_logfiles!
2019-11-06 08:54:09 2676 [Note] InnoDB: Database was not shutdown normally!
2019-11-06 08:54:09 2676 [Note] InnoDB: Starting crash recovery.
2019-11-06 08:54:09 2676 [Note] InnoDB: Reading tablespace information from the .ibd files...
2019-11-06 08:54:09 2676 [Note] InnoDB: Restoring possible half-written data pages 
2019-11-06 08:54:09 2676 [Note] InnoDB: from the doublewrite buffer...
2019-11-06 08:54:10 2676 [Note] InnoDB: 128 rollback segment(s) are active.
2019-11-06 08:54:10 2676 [Note] InnoDB: Waiting for purge to start
2019-11-06 08:54:11 2676 [Note] InnoDB: 5.6.34 started; log sequence number 2577982
2019-11-06 08:54:11 2676 [Note] Server hostname (bind-address): '*'; port: 3306
2019-11-06 08:54:11 2676 [Note] IPv6 is available.
2019-11-06 08:54:11 2676 [Note]   - '::' resolves to '::';
2019-11-06 08:54:11 2676 [Note] Server socket created on IP: '::'.
22019-11-06 08:59:43 8232 [Note] Plugin 'FEDERATED' is disabled.
2019-11-06 08:59:43 8232 [Note] InnoDB: Using atomics to ref count buffer pool pages
2019-11-06 08:59:43 8232 [Note] InnoDB: The InnoDB memory heap is disabled
2019-11-06 08:59:43 8232 [Note] InnoDB: Mutexes and rw_locks use Windows interlocked functions
2019-11-06 08:59:43 8232 [Note] InnoDB: Memory barrier is not used
2019-11-06 08:59:43 8232 [Note] InnoDB: Compressed tables use zlib 1.2.3
2019-11-06 08:59:43 8232 [Note] InnoDB: Not using CPU crc32 instructions
2019-11-06 08:59:43 8232 [Note] InnoDB: Initializing buffer pool, size = 128.0M
2019-11-06 08:59:43 8232 [Note] InnoDB: Completed initialization of buffer pool
2019-11-06 08:59:44 8232 [Note] InnoDB: Highest supported file format is Barracuda.
2019-11-06 08:59:44 8232 [Note] InnoDB: The log sequence numbers 1626134 and 1626134 in ibdata files do not match the log sequence number 2604744 in the ib_logfiles!
2019-11-06 08:59:44 8232 [Note] InnoDB: Database was not shutdown normally!
2019-11-06 08:59:44 8232 [Note] InnoDB: Starting crash recovery.
2019-11-06 08:59:44 8232 [Note] InnoDB: Reading tablespace information from the .ibd files...
2019-11-06 08:59:44 8232 [Note] InnoDB: Restoring possible half-written data pages 
2019-11-06 08:59:44 8232 [Note] InnoDB: from the doublewrite buffer...
2019-11-06 08:59:45 8232 [Note] InnoDB: 128 rollback segment(s) are active.
2019-11-06 08:59:45 8232 [Note] InnoDB: Waiting for purge to start
2019-11-06 08:59:45 8232 [Note] InnoDB: 5.6.34 started; log sequence number 2604744
2019-11-06 08:59:45 8232 [Note] Server hostname (bind-address): '*'; port: 3306
2019-11-06 08:59:45 8232 [Note] IPv6 is available.
2019-11-06 08:59:45 8232 [Note]   - '::' resolves to '::';
2019-11-06 08:59:45 8232 [Note] Server socket created on IP: '::'.
2019-11-06 08:59:45 8232 [Note] Event Scheduler: Loaded 0 events
2019-11-06 08:59:45 8232 [Note] F:\usbwebserver/mysql/bin/mysqld_usbwv8.exe: ready for connections.
Version: '5.6.34'  socket: ''  port: 3306  MySQL Community Server (GPL)
2019-11-13 08:56:42 7692 [Note] Plugin 'FEDERATED' is disabled.
2019-11-13 08:56:43 7692 [Note] InnoDB: Using atomics to ref count buffer pool pages
2019-11-13 08:56:43 7692 [Note] InnoDB: The InnoDB memory heap is disabled
2019-11-13 08:56:43 7692 [Note] InnoDB: Mutexes and rw_locks use Windows interlocked functions
2019-11-13 08:56:43 7692 [Note] InnoDB: Memory barrier is not used
2019-11-13 08:56:43 7692 [Note] InnoDB: Compressed tables use zlib 1.2.3
2019-11-13 08:56:43 7692 [Note] InnoDB: Not using CPU crc32 instructions
2019-11-13 08:56:43 7692 [Note] InnoDB: Initializing buffer pool, size = 128.0M
2019-11-13 08:56:43 7692 [Note] InnoDB: Completed initialization of buffer pool
2019-11-13 08:56:43 7692 [Note] InnoDB: Highest supported file format is Barracuda.
2019-11-13 08:56:43 7692 [Note] InnoDB: The log sequence numbers 1626134 and 1626134 in ibdata files do not match the log sequence number 2808778 in the ib_logfiles!
2019-11-13 08:56:43 7692 [Note] InnoDB: Database was not shutdown normally!
2019-11-13 08:56:43 7692 [Note] InnoDB: Starting crash recovery.
2019-11-13 08:56:43 7692 [Note] InnoDB: Reading tablespace information from the .ibd files...
2019-11-13 08:56:43 7692 [Note] InnoDB: Restoring possible half-written data pages 
2019-11-13 08:56:43 7692 [Note] InnoDB: from the doublewrite buffer...
2019-11-13 08:56:44 7692 [Note] InnoDB: 128 rollback segment(s) are active.
2019-11-13 08:56:44 7692 [Note] InnoDB: Waiting for purge to start
2019-11-13 08:56:44 7692 [Note] InnoDB: 5.6.34 started; log sequence number 2808778
2019-11-13 08:56:44 7692 [Note] Server hostname (bind-address): '*'; port: 3306
2019-11-13 08:56:44 7692 [Note] IPv6 is available.
2019-11-13 08:56:44 7692 [Note]   - '::' resolves to '::';
2019-11-13 08:56:44 7692 [Note] Server socket created on IP: '::'.
2019-12-20 09:47:28 10348 [Note] Plugin 'FEDERATED' is disabled.
2019-12-20 09:47:28 10348 [Note] InnoDB: Using atomics to ref count buffer pool pages
2019-12-20 09:47:28 10348 [Note] InnoDB: The InnoDB memory heap is disabled
2019-12-20 09:47:28 10348 [Note] InnoDB: Mutexes and rw_locks use Windows interlocked functions
2019-12-20 09:47:28 10348 [Note] InnoDB: Memory barrier is not used
2019-12-20 09:47:28 10348 [Note] InnoDB: Compressed tables use zlib 1.2.3
2019-12-20 09:47:28 10348 [Note] InnoDB: Not using CPU crc32 instructions
2019-12-20 09:47:28 10348 [Note] InnoDB: Initializing buffer pool, size = 128.0M
2019-12-20 09:47:28 10348 [Note] InnoDB: Completed initialization of buffer pool
2019-12-20 09:47:28 10348 [Note] InnoDB: Highest supported file format is Barracuda.
2019-12-20 09:47:28 10348 [Note] InnoDB: The log sequence numbers 1626134 and 1626134 in ibdata files do not match the log sequence number 3348667 in the ib_logfiles!
2019-12-20 09:47:28 10348 [Note] InnoDB: Database was not shutdown normally!
2019-12-20 09:47:28 10348 [Note] InnoDB: Starting crash recovery.
2019-12-20 09:47:28 10348 [Note] InnoDB: Reading tablespace information from the .ibd files...
2019-12-20 09:47:28 10348 [Note] InnoDB: Restoring possible half-written data pages 
2019-12-20 09:47:28 10348 [Note] InnoDB: from the doublewrite buffer...
2019-12-20 09:47:29 10348 [Note] InnoDB: 128 rollback segment(s) are active.
2019-12-20 09:47:29 10348 [Note] InnoDB: Waiting for purge to start
2019-12-20 09:47:29 10348 [Note] InnoDB: 5.6.34 started; log sequence number 3348667
2019-12-20 09:47:29 10348 [Note] Server hostname (bind-address): '*'; port: 3306
2019-12-20 09:47:29 10348 [Note] IPv6 is available.
2019-12-20 09:47:29 10348 [Note]   - '::' resolves to '::';
2019-12-20 09:47:29 10348 [Note] Server socket created on IP: '::'.
2019-12-20 09:47:32 10348 [Note] Event Scheduler: Loaded 0 events
2019-12-20 09:47:32 10348 [Note] F:\usbwebserver/mysql/bin/mysqld_usbwv8.exe: ready for connections.
Version: '5.6.34'  socket: ''  port: 3306  MySQL Community Server (GPL)
